# JRE version: OpenJDK Runtime Environment (8.0_242-b01) (build 1.8.0_242-release-1644-b01)
# Java VM: OpenJDK 64-Bit Server VM (25.242-b01 mixed mode windows-amd64 compressed oops)
Heap:
 PSYoungGen      total 293888K, used 278124K [0x00000000d5580000, 0x00000000ed780000, 0x0000000100000000)
  eden space 239616K, 94% used [0x00000000d5580000,0x00000000e3247b58,0x00000000e3f80000)
  from space 54272K, 95% used [0x00000000e3f80000,0x00000000e7253668,0x00000000e7480000)
  to   space 61952K, 0% used [0x00000000e9b00000,0x00000000e9b00000,0x00000000ed780000)
 ParOldGen       total 215552K, used 92728K [0x0000000080000000, 0x000000008d280000, 0x00000000d5580000)
  object space 215552K, 43% used [0x0000000080000000,0x0000000085a8e090,0x000000008d280000)
 Metaspace       used 87256K, capacity 92338K, committed 92584K, reserved 1128448K
  class space    used 11728K, capacity 12670K, committed 12720K, reserved 1048576K
GC Heap History (10 events):
Event: 14.998 GC heap before
{Heap before GC invocations=12 (full 3):
 PSYoungGen      total 208384K, used 189440K [0x00000000d5580000, 0x00000000e3c80000, 0x0000000100000000)
  eden space 189440K, 100% used [0x00000000d5580000,0x00000000e0e80000,0x00000000e0e80000)
  from space 18944K, 0% used [0x00000000e2800000,0x00000000e2800000,0x00000000e3a80000)
  to   space 23552K, 0% used [0x00000000e0e80000,0x00000000e0e80000,0x00000000e2580000)
 ParOldGen       total 215552K, used 35142K [0x0000000080000000, 0x000000008d280000, 0x00000000d5580000)
  object space 215552K, 16% used [0x0000000080000000,0x0000000082251860,0x000000008d280000)
 Metaspace       used 63453K, capacity 66592K, committed 66856K, reserved 1105920K
  class space    used 8832K, capacity 9451K, committed 9520K, reserved 1048576K
Event: 15.015 GC heap after
Heap after GC invocations=12 (full 3):
 PSYoungGen      total 212992K, used 16129K [0x00000000d5580000, 0x00000000e5d00000, 0x0000000100000000)
  eden space 189440K, 0% used [0x00000000d5580000,0x00000000d5580000,0x00000000e0e80000)
  from space 23552K, 68% used [0x00000000e0e80000,0x00000000e1e406f0,0x00000000e2580000)
  to   space 24064K, 0% used [0x00000000e4580000,0x00000000e4580000,0x00000000e5d00000)
 ParOldGen       total 215552K, used 35150K [0x0000000080000000, 0x000000008d280000, 0x00000000d5580000)
  object space 215552K, 16% used [0x0000000080000000,0x0000000082253860,0x000000008d280000)
 Metaspace       used 63453K, capacity 66592K, committed 66856K, reserved 1105920K
  class space    used 8832K, capacity 9451K, committed 9520K, reserved 1048576K
}
Event: 181.325 GC heap before
{Heap before GC invocations=13 (full 3):
 PSYoungGen      total 212992K, used 205569K [0x00000000d5580000, 0x00000000e5d00000, 0x0000000100000000)
  eden space 189440K, 100% used [0x00000000d5580000,0x00000000e0e80000,0x00000000e0e80000)
  from space 23552K, 68% used [0x00000000e0e80000,0x00000000e1e406f0,0x00000000e2580000)
  to   space 24064K, 0% used [0x00000000e4580000,0x00000000e4580000,0x00000000e5d00000)
 ParOldGen       total 215552K, used 35150K [0x0000000080000000, 0x000000008d280000, 0x00000000d5580000)
  object space 215552K, 16% used [0x0000000080000000,0x0000000082253860,0x000000008d280000)
 Metaspace       used 70665K, capacity 74030K, committed 74152K, reserved 1114112K
  class space    used 9482K, capacity 10154K, committed 10160K, reserved 1048576K
Event: 181.360 GC heap after
Heap after GC invocations=13 (full 3):
 PSYoungGen      total 238592K, used 22224K [0x00000000d5580000, 0x00000000e5c00000, 0x0000000100000000)
  eden space 215552K, 0% used [0x00000000d5580000,0x00000000d5580000,0x00000000e2800000)
  from space 23040K, 96% used [0x00000000e4580000,0x00000000e5b34008,0x00000000e5c00000)
  to   space 26624K, 0% used [0x00000000e2800000,0x00000000e2800000,0x00000000e4200000)
 ParOldGen       total 215552K, used 35158K [0x0000000080000000, 0x000000008d280000, 0x00000000d5580000)
  object space 215552K, 16% used [0x0000000080000000,0x0000000082255860,0x000000008d280000)
 Metaspace       used 70665K, capacity 74030K, committed 74152K, reserved 1114112K
  class space    used 9482K, capacity 10154K, committed 10160K, reserved 1048576K
}
Event: 185.242 GC heap before
{Heap before GC invocations=14 (full 3):
 PSYoungGen      total 238592K, used 237757K [0x00000000d5580000, 0x00000000e5c00000, 0x0000000100000000)
  eden space 215552K, 99% used [0x00000000d5580000,0x00000000e27fb750,0x00000000e2800000)
  from space 23040K, 96% used [0x00000000e4580000,0x00000000e5b34008,0x00000000e5c00000)
  to   space 26624K, 0% used [0x00000000e2800000,0x00000000e2800000,0x00000000e4200000)
 ParOldGen       total 215552K, used 35158K [0x0000000080000000, 0x000000008d280000, 0x00000000d5580000)
  object space 215552K, 16% used [0x0000000080000000,0x0000000082255860,0x000000008d280000)
 Metaspace       used 84386K, capacity 88984K, committed 89256K, reserved 1126400K
  class space    used 11489K, capacity 12349K, committed 12464K, reserved 1048576K
Event: 185.303 GC heap after
Heap after GC invocations=14 (full 3):
 PSYoungGen      total 242176K, used 26605K [0x00000000d5580000, 0x00000000e9e00000, 0x0000000100000000)
  eden space 215552K, 0% used [0x00000000d5580000,0x00000000d5580000,0x00000000e2800000)
  from space 26624K, 99% used [0x00000000e2800000,0x00000000e41fb5d8,0x00000000e4200000)
  to   space 42496K, 0% used [0x00000000e7480000,0x00000000e7480000,0x00000000e9e00000)
 ParOldGen       total 215552K, used 68184K [0x0000000080000000, 0x000000008d280000, 0x00000000d5580000)
  object space 215552K, 31% used [0x0000000080000000,0x0000000084296070,0x000000008d280000)
 Metaspace       used 84386K, capacity 88984K, committed 89256K, reserved 1126400K
  class space    used 11489K, capacity 12349K, committed 12464K, reserved 1048576K
}
Event: 201.188 GC heap before
{Heap before GC invocations=15 (full 3):
 PSYoungGen      total 242176K, used 242157K [0x00000000d5580000, 0x00000000e9e00000, 0x0000000100000000)
  eden space 215552K, 100% used [0x00000000d5580000,0x00000000e2800000,0x00000000e2800000)
  from space 26624K, 99% used [0x00000000e2800000,0x00000000e41fb5d8,0x00000000e4200000)
  to   space 42496K, 0% used [0x00000000e7480000,0x00000000e7480000,0x00000000e9e00000)
 ParOldGen       total 215552K, used 68184K [0x0000000080000000, 0x000000008d280000, 0x00000000d5580000)
  object space 215552K, 31% used [0x0000000080000000,0x0000000084296070,0x000000008d280000)
 Metaspace       used 86389K, capacity 91302K, committed 91560K, reserved 1128448K
  class space    used 11694K, capacity 12608K, committed 12720K, reserved 1048576K
Event: 201.264 GC heap after
Heap after GC invocations=15 (full 3):
 PSYoungGen      total 282112K, used 42476K [0x00000000d5580000, 0x00000000eb200000, 0x0000000100000000)
  eden space 239616K, 0% used [0x00000000d5580000,0x00000000d5580000,0x00000000e3f80000)
  from space 42496K, 99% used [0x00000000e7480000,0x00000000e9dfb340,0x00000000e9e00000)
  to   space 54272K, 0% used [0x00000000e3f80000,0x00000000e3f80000,0x00000000e7480000)
 ParOldGen       total 215552K, used 81850K [0x0000000080000000, 0x000000008d280000, 0x00000000d5580000)
  object space 215552K, 37% used [0x0000000080000000,0x0000000084fee9e0,0x000000008d280000)
 Metaspace       used 86389K, capacity 91302K, committed 91560K, reserved 1128448K
  class space    used 11694K, capacity 12608K, committed 12720K, reserved 1048576K
}
Event: 234.929 GC heap before
{Heap before GC invocations=16 (full 3):
 PSYoungGen      total 282112K, used 282092K [0x00000000d5580000, 0x00000000eb200000, 0x0000000100000000)
  eden space 239616K, 100% used [0x00000000d5580000,0x00000000e3f80000,0x00000000e3f80000)
  from space 42496K, 99% used [0x00000000e7480000,0x00000000e9dfb340,0x00000000e9e00000)
  to   space 54272K, 0% used [0x00000000e3f80000,0x00000000e3f80000,0x00000000e7480000)
 ParOldGen       total 215552K, used 81850K [0x0000000080000000, 0x000000008d280000, 0x00000000d5580000)
  object space 215552K, 37% used [0x0000000080000000,0x0000000084fee9e0,0x000000008d280000)
 Metaspace       used 86823K, capacity 91846K, committed 92072K, reserved 1128448K
  class space    used 11702K, capacity 12622K, committed 12720K, reserved 1048576K
Event: 235.027 GC heap after
Heap after GC invocations=16 (full 3):
 PSYoungGen      total 293888K, used 52045K [0x00000000d5580000, 0x00000000ed780000, 0x0000000100000000)
  eden space 239616K, 0% used [0x00000000d5580000,0x00000000d5580000,0x00000000e3f80000)
  from space 54272K, 95% used [0x00000000e3f80000,0x00000000e7253668,0x00000000e7480000)
  to   space 61952K, 0% used [0x00000000e9b00000,0x00000000e9b00000,0x00000000ed780000)
 ParOldGen       total 215552K, used 92728K [0x0000000080000000, 0x000000008d280000, 0x00000000d5580000)
  object space 215552K, 43% used [0x0000000080000000,0x0000000085a8e090,0x000000008d280000)
 Metaspace       used 86823K, capacity 91846K, committed 92072K, reserved 1128448K
  class space    used 11702K, capacity 12622K, committed 12720K, reserved 1048576K
}

