# JRE version: OpenJDK Runtime Environment (8.0_242-b01) (build 1.8.0_242-release-1644-b01)
# Java VM: OpenJDK 64-Bit Server VM (25.242-b01 mixed mode windows-amd64 compressed oops)
Heap:
 PSYoungGen      total 528384K, used 510719K [0x00000000d5580000, 0x00000000f8280000, 0x0000000100000000)
  eden space 496640K, 99% used [0x00000000d5580000,0x00000000f37b6ba0,0x00000000f3a80000)
  from space 31744K, 53% used [0x00000000f6380000,0x00000000f7409390,0x00000000f8280000)
  to   space 36864K, 0% used [0x00000000f3a80000,0x00000000f3a80000,0x00000000f5e80000)
 ParOldGen       total 331776K, used 70425K [0x0000000080000000, 0x0000000094400000, 0x00000000d5580000)
  object space 331776K, 21% used [0x0000000080000000,0x00000000844c65b0,0x0000000094400000)
 Metaspace       used 106711K, capacity 112630K, committed 112920K, reserved 1146880K
  class space    used 13948K, capacity 15071K, committed 15152K, reserved 1048576K
GC Heap History (10 events):
Event: 657.203 GC heap before
{Heap before GC invocations=24 (full 4):
 PSYoungGen      total 323584K, used 316097K [0x00000000d5580000, 0x00000000eee00000, 0x0000000100000000)
  eden space 287744K, 100% used [0x00000000d5580000,0x00000000e6e80000,0x00000000e6e80000)
  from space 35840K, 79% used [0x00000000e6e80000,0x00000000e8a30578,0x00000000e9180000)
  to   space 37376K, 0% used [0x00000000ec980000,0x00000000ec980000,0x00000000eee00000)
 ParOldGen       total 331776K, used 60216K [0x0000000080000000, 0x0000000094400000, 0x00000000d5580000)
  object space 331776K, 18% used [0x0000000080000000,0x0000000083ace2e0,0x0000000094400000)
 Metaspace       used 104746K, capacity 110262K, committed 110488K, reserved 1144832K
  class space    used 13709K, capacity 14755K, committed 14768K, reserved 1048576K
Event: 657.226 GC heap after
Heap after GC invocations=24 (full 4):
 PSYoungGen      total 380416K, used 25829K [0x00000000d5580000, 0x00000000ef100000, 0x0000000100000000)
  eden space 343040K, 0% used [0x00000000d5580000,0x00000000d5580000,0x00000000ea480000)
  from space 37376K, 69% used [0x00000000ec980000,0x00000000ee2b97d8,0x00000000eee00000)
  to   space 37888K, 0% used [0x00000000ea480000,0x00000000ea480000,0x00000000ec980000)
 ParOldGen       total 331776K, used 60224K [0x0000000080000000, 0x0000000094400000, 0x00000000d5580000)
  object space 331776K, 18% used [0x0000000080000000,0x0000000083ad02e0,0x0000000094400000)
 Metaspace       used 104746K, capacity 110262K, committed 110488K, reserved 1144832K
  class space    used 13709K, capacity 14755K, committed 14768K, reserved 1048576K
}
Event: 657.953 GC heap before
{Heap before GC invocations=25 (full 4):
 PSYoungGen      total 380416K, used 368869K [0x00000000d5580000, 0x00000000ef100000, 0x0000000100000000)
  eden space 343040K, 100% used [0x00000000d5580000,0x00000000ea480000,0x00000000ea480000)
  from space 37376K, 69% used [0x00000000ec980000,0x00000000ee2b97d8,0x00000000eee00000)
  to   space 37888K, 0% used [0x00000000ea480000,0x00000000ea480000,0x00000000ec980000)
 ParOldGen       total 331776K, used 60224K [0x0000000080000000, 0x0000000094400000, 0x00000000d5580000)
  object space 331776K, 18% used [0x0000000080000000,0x0000000083ad02e0,0x0000000094400000)
 Metaspace       used 104930K, capacity 110530K, committed 110872K, reserved 1144832K
  class space    used 13729K, capacity 14799K, committed 14896K, reserved 1048576K
Event: 657.979 GC heap after
Heap after GC invocations=25 (full 4):
 PSYoungGen      total 380928K, used 27146K [0x00000000d5580000, 0x00000000f3380000, 0x0000000100000000)
  eden space 343040K, 0% used [0x00000000d5580000,0x00000000d5580000,0x00000000ea480000)
  from space 37888K, 71% used [0x00000000ea480000,0x00000000ebf02b30,0x00000000ec980000)
  to   space 38400K, 0% used [0x00000000f0e00000,0x00000000f0e00000,0x00000000f3380000)
 ParOldGen       total 331776K, used 60232K [0x0000000080000000, 0x0000000094400000, 0x00000000d5580000)
  object space 331776K, 18% used [0x0000000080000000,0x0000000083ad22e0,0x0000000094400000)
 Metaspace       used 104930K, capacity 110530K, committed 110872K, reserved 1144832K
  class space    used 13729K, capacity 14799K, committed 14896K, reserved 1048576K
}
Event: 658.577 GC heap before
{Heap before GC invocations=26 (full 4):
 PSYoungGen      total 380928K, used 370186K [0x00000000d5580000, 0x00000000f3380000, 0x0000000100000000)
  eden space 343040K, 100% used [0x00000000d5580000,0x00000000ea480000,0x00000000ea480000)
  from space 37888K, 71% used [0x00000000ea480000,0x00000000ebf02b30,0x00000000ec980000)
  to   space 38400K, 0% used [0x00000000f0e00000,0x00000000f0e00000,0x00000000f3380000)
 ParOldGen       total 331776K, used 60232K [0x0000000080000000, 0x0000000094400000, 0x00000000d5580000)
  object space 331776K, 18% used [0x0000000080000000,0x0000000083ad22e0,0x0000000094400000)
 Metaspace       used 104956K, capacity 110600K, committed 110872K, reserved 1144832K
  class space    used 13730K, capacity 14800K, committed 14896K, reserved 1048576K
Event: 658.611 GC heap after
Heap after GC invocations=26 (full 4):
 PSYoungGen      total 451072K, used 27110K [0x00000000d5580000, 0x00000000f3900000, 0x0000000100000000)
  eden space 412672K, 0% used [0x00000000d5580000,0x00000000d5580000,0x00000000ee880000)
  from space 38400K, 70% used [0x00000000f0e00000,0x00000000f2879bc8,0x00000000f3380000)
  to   space 38400K, 0% used [0x00000000ee880000,0x00000000ee880000,0x00000000f0e00000)
 ParOldGen       total 331776K, used 60232K [0x0000000080000000, 0x0000000094400000, 0x00000000d5580000)
  object space 331776K, 18% used [0x0000000080000000,0x0000000083ad22e0,0x0000000094400000)
 Metaspace       used 104956K, capacity 110600K, committed 110872K, reserved 1144832K
  class space    used 13730K, capacity 14800K, committed 14896K, reserved 1048576K
}
Event: 659.394 GC heap before
{Heap before GC invocations=27 (full 4):
 PSYoungGen      total 451072K, used 439782K [0x00000000d5580000, 0x00000000f3900000, 0x0000000100000000)
  eden space 412672K, 100% used [0x00000000d5580000,0x00000000ee880000,0x00000000ee880000)
  from space 38400K, 70% used [0x00000000f0e00000,0x00000000f2879bc8,0x00000000f3380000)
  to   space 38400K, 0% used [0x00000000ee880000,0x00000000ee880000,0x00000000f0e00000)
 ParOldGen       total 331776K, used 60232K [0x0000000080000000, 0x0000000094400000, 0x00000000d5580000)
  object space 331776K, 18% used [0x0000000080000000,0x0000000083ad22e0,0x0000000094400000)
 Metaspace       used 104978K, capacity 110606K, committed 110872K, reserved 1144832K
  class space    used 13730K, capacity 14801K, committed 14896K, reserved 1048576K
Event: 659.418 GC heap after
Heap after GC invocations=27 (full 4):
 PSYoungGen      total 451072K, used 17693K [0x00000000d5580000, 0x00000000f8880000, 0x0000000100000000)
  eden space 412672K, 0% used [0x00000000d5580000,0x00000000d5580000,0x00000000ee880000)
  from space 38400K, 46% used [0x00000000ee880000,0x00000000ef9c7750,0x00000000f0e00000)
  to   space 37888K, 0% used [0x00000000f6380000,0x00000000f6380000,0x00000000f8880000)
 ParOldGen       total 331776K, used 69186K [0x0000000080000000, 0x0000000094400000, 0x00000000d5580000)
  object space 331776K, 20% used [0x0000000080000000,0x0000000084390a60,0x0000000094400000)
 Metaspace       used 104978K, capacity 110606K, committed 110872K, reserved 1144832K
  class space    used 13730K, capacity 14801K, committed 14896K, reserved 1048576K
}
Event: 660.219 GC heap before
{Heap before GC invocations=28 (full 4):
 PSYoungGen      total 451072K, used 430365K [0x00000000d5580000, 0x00000000f8880000, 0x0000000100000000)
  eden space 412672K, 100% used [0x00000000d5580000,0x00000000ee880000,0x00000000ee880000)
  from space 38400K, 46% used [0x00000000ee880000,0x00000000ef9c7750,0x00000000f0e00000)
  to   space 37888K, 0% used [0x00000000f6380000,0x00000000f6380000,0x00000000f8880000)
 ParOldGen       total 331776K, used 69186K [0x0000000080000000, 0x0000000094400000, 0x00000000d5580000)
  object space 331776K, 20% used [0x0000000080000000,0x0000000084390a60,0x0000000094400000)
 Metaspace       used 105055K, capacity 110670K, committed 110872K, reserved 1144832K
  class space    used 13730K, capacity 14801K, committed 14896K, reserved 1048576K
Event: 660.238 GC heap after
Heap after GC invocations=28 (full 4):
 PSYoungGen      total 528384K, used 16932K [0x00000000d5580000, 0x00000000f8280000, 0x0000000100000000)
  eden space 496640K, 0% used [0x00000000d5580000,0x00000000d5580000,0x00000000f3a80000)
  from space 31744K, 53% used [0x00000000f6380000,0x00000000f7409390,0x00000000f8280000)
  to   space 36864K, 0% used [0x00000000f3a80000,0x00000000f3a80000,0x00000000f5e80000)
 ParOldGen       total 331776K, used 70425K [0x0000000080000000, 0x0000000094400000, 0x00000000d5580000)
  object space 331776K, 21% used [0x0000000080000000,0x00000000844c65b0,0x0000000094400000)
 Metaspace       used 105055K, capacity 110670K, committed 110872K, reserved 1144832K
  class space    used 13730K, capacity 14801K, committed 14896K, reserved 1048576K
}

